<?xml version="1.0" encoding="UTF-8"?>
<!-- Generated by org.testng.reporters.JUnitXMLReporter -->
<testsuite hostname="shrawan-HP-ProBook-440-G5" failures="1" tests="2" name="Test" time="2.461" errors="0" timestamp="4 Jul 2020 12:56:16 GMT">
  <testcase classname="com.airtel.solution.testClass.MarvelDataTest" name="@BeforeMethod executeApi" time="0.0">
    <failure type="java.lang.NullPointerException">
      <![CDATA[java.lang.NullPointerException
	at com.airtel.solution.core.ApiExecutor.get(ApiExecutor.java:43)
	at com.airtel.solution.testClass.MarvelDataTest.executeApi(MarvelDataTest.java:45)
... Removed 26 stack frames]]>
    </failure>
  </testcase> <!-- @BeforeMethod executeApi -->
  <testcase classname="com.airtel.solution.testClass.MarvelDataTest" name="TC001_GetAllCharactersWithDiscription" time="0.001">
    <skipped/>
  </testcase> <!-- TC001_GetAllCharactersWithDiscription -->
  <testcase classname="com.airtel.solution.testClass.MarvelDataTest" name="TC001_GetAllCharactersWithDiscription" time="2.454">
    <failure type="java.lang.NullPointerException">
      <![CDATA[java.lang.NullPointerException
	at com.airtel.solution.listeners.TestListener.onTestSkipped(TestListener.java:52)
... Removed 21 stack frames]]>
    </failure>
  </testcase> <!-- TC001_GetAllCharactersWithDiscription -->
</testsuite> <!-- Test -->
