<?xml version="1.0" encoding="UTF-8"?>
<!-- Generated by org.testng.reporters.JUnitXMLReporter -->
<testsuite hostname="shrawan-HP-ProBook-440-G5" failures="0" tests="2" name="Test" time="4.092" errors="0" timestamp="4 Jul 2020 12:57:39 GMT">
  <testcase classname="com.airtel.solution.testClass.MarvelDataTest" name="TC001_GetAllCharactersWithDiscription" time="0.24"/>
  <testcase classname="com.airtel.solution.testClass.MarvelDataTest" name="TC002_GetAllStoriesWithNoDiscription" time="0.032"/>
</testsuite> <!-- Test -->
