<?xml version="1.0" encoding="UTF-8"?>
<testng-results total="2" passed="2" failed="0" skipped="0">
  <reporter-output>
    <line>
      <![CDATA[Successfully byte inserted]]>
    </line>
    <line>
      <![CDATA[Successfully byte inserted]]>
    </line>
  </reporter-output>
  <suite started-at="2020-07-04T12:48:47Z" name="Suite" finished-at="2020-07-04T12:48:50Z" duration-ms="3820">
    <groups>
    </groups>
    <test started-at="2020-07-04T12:48:47Z" name="Test" finished-at="2020-07-04T12:48:50Z" duration-ms="3820">
      <class name="com.airtel.solution.testClass.MarvelDataTest">
        <test-method is-config="true" signature="executeApi()[pri:0, instance:com.airtel.solution.testClass.MarvelDataTest@b7f23d9]" started-at="2020-07-04T18:18:47Z" name="executeApi" finished-at="2020-07-04T18:18:49Z" duration-ms="2324" status="PASS">
          <reporter-output>
          </reporter-output>
        </test-method> <!-- executeApi -->
        <test-method signature="TC001_GetAllCharactersWithDiscription()[pri:0, instance:com.airtel.solution.testClass.MarvelDataTest@b7f23d9]" started-at="2020-07-04T18:18:49Z" name="TC001_GetAllCharactersWithDiscription" description="Get the list of all the characters which have description and get the list of series too" finished-at="2020-07-04T18:18:49Z" duration-ms="350" status="PASS">
          <reporter-output>
          </reporter-output>
        </test-method> <!-- TC001_GetAllCharactersWithDiscription -->
        <test-method is-config="true" signature="writeToFile()[pri:0, instance:com.airtel.solution.testClass.MarvelDataTest@b7f23d9]" started-at="2020-07-04T18:18:49Z" name="writeToFile" finished-at="2020-07-04T18:18:49Z" duration-ms="1" status="PASS">
          <reporter-output>
            <line>
              <![CDATA[Successfully byte inserted]]>
            </line>
          </reporter-output>
        </test-method> <!-- writeToFile -->
        <test-method is-config="true" signature="executeApi()[pri:0, instance:com.airtel.solution.testClass.MarvelDataTest@b7f23d9]" started-at="2020-07-04T18:18:49Z" name="executeApi" finished-at="2020-07-04T18:18:50Z" duration-ms="854" status="PASS">
          <reporter-output>
          </reporter-output>
        </test-method> <!-- executeApi -->
        <test-method signature="TC002_GetAllStoriesWithNoDiscription()[pri:0, instance:com.airtel.solution.testClass.MarvelDataTest@b7f23d9]" started-at="2020-07-04T18:18:50Z" name="TC002_GetAllStoriesWithNoDiscription" description="Get the list of stories which does not involve a character with description" finished-at="2020-07-04T18:18:50Z" duration-ms="278" status="PASS">
          <reporter-output>
          </reporter-output>
        </test-method> <!-- TC002_GetAllStoriesWithNoDiscription -->
        <test-method is-config="true" signature="writeToFile()[pri:0, instance:com.airtel.solution.testClass.MarvelDataTest@b7f23d9]" started-at="2020-07-04T18:18:50Z" name="writeToFile" finished-at="2020-07-04T18:18:50Z" duration-ms="0" status="PASS">
          <reporter-output>
            <line>
              <![CDATA[Successfully byte inserted]]>
            </line>
          </reporter-output>
        </test-method> <!-- writeToFile -->
      </class> <!-- com.airtel.solution.testClass.MarvelDataTest -->
    </test> <!-- Test -->
  </suite> <!-- Suite -->
</testng-results>
